[29-May-2021 13:29:47 UTC] PHP Fatal error:  Uncaught Error: Call to undefined function get_the_field() in C:\xampp\htdocs\deafsask\wp-content\themes\deafsask\page-about.php:39
Stack trace:
#0 C:\xampp\htdocs\deafsask\wp-includes\template-loader.php(106): include()
#1 C:\xampp\htdocs\deafsask\wp-blog-header.php(19): require_once('C:\\xampp\\htdocs...')
#2 C:\xampp\htdocs\deafsask\index.php(17): require('C:\\xampp\\htdocs...')
#3 {main}
  thrown in C:\xampp\htdocs\deafsask\wp-content\themes\deafsask\page-about.php on line 39
[29-May-2021 13:36:25 UTC] PHP Parse error:  syntax error, unexpected '}', expecting ';' or ',' in C:\xampp\htdocs\deafsask\wp-content\themes\deafsask\page-about.php on line 78
[29-May-2021 13:36:39 UTC] PHP Fatal error:  Uncaught Error: Call to undefined function get_the_field() in C:\xampp\htdocs\deafsask\wp-content\themes\deafsask\page-about.php:76
Stack trace:
#0 C:\xampp\htdocs\deafsask\wp-includes\template-loader.php(106): include()
#1 C:\xampp\htdocs\deafsask\wp-blog-header.php(19): require_once('C:\\xampp\\htdocs...')
#2 C:\xampp\htdocs\deafsask\index.php(17): require('C:\\xampp\\htdocs...')
#3 {main}
  thrown in C:\xampp\htdocs\deafsask\wp-content\themes\deafsask\page-about.php on line 76
[29-May-2021 13:38:46 UTC] PHP Parse error:  syntax error, unexpected 'if' (T_IF), expecting ';' or ',' in C:\xampp\htdocs\deafsask\wp-content\themes\deafsask\page-about.php on line 77
[29-May-2021 13:38:50 UTC] PHP Parse error:  syntax error, unexpected 'if' (T_IF), expecting ';' or ',' in C:\xampp\htdocs\deafsask\wp-content\themes\deafsask\page-about.php on line 77
[29-May-2021 14:07:57 UTC] PHP Parse error:  syntax error, unexpected ''post_title'' (T_CONSTANT_ENCAPSED_STRING), expecting ')' in C:\xampp\htdocs\deafsask\wp-content\themes\deafsask\page-about.php on line 40
[29-May-2021 14:08:02 UTC] PHP Parse error:  syntax error, unexpected ''post_title'' (T_CONSTANT_ENCAPSED_STRING), expecting ')' in C:\xampp\htdocs\deafsask\wp-content\themes\deafsask\page-about.php on line 40
[29-May-2021 14:15:40 UTC] PHP Parse error:  syntax error, unexpected ''order'' (T_CONSTANT_ENCAPSED_STRING), expecting ')' in C:\xampp\htdocs\deafsask\wp-content\themes\deafsask\page-about.php on line 40
[29-May-2021 14:15:45 UTC] PHP Parse error:  syntax error, unexpected ''order'' (T_CONSTANT_ENCAPSED_STRING), expecting ')' in C:\xampp\htdocs\deafsask\wp-content\themes\deafsask\page-about.php on line 40
[29-May-2021 19:06:12 UTC] PHP Parse error:  syntax error, unexpected 'AND' (T_LOGICAL_AND) in C:\xampp\htdocs\deafsask\wp-content\themes\deafsask\page-about.php on line 64
[29-May-2021 19:06:20 UTC] PHP Parse error:  syntax error, unexpected 'AND' (T_LOGICAL_AND) in C:\xampp\htdocs\deafsask\wp-content\themes\deafsask\page-about.php on line 64
[29-May-2021 19:06:55 UTC] PHP Parse error:  syntax error, unexpected 'array' (T_ARRAY), expecting ')' in C:\xampp\htdocs\deafsask\wp-content\themes\deafsask\page-about.php on line 69
[29-May-2021 19:21:57 UTC] PHP Parse error:  syntax error, unexpected 'echo' (T_ECHO) in C:\xampp\htdocs\deafsask\wp-content\themes\deafsask\page-about.php on line 42
[29-May-2021 19:22:08 UTC] PHP Parse error:  syntax error, unexpected 'echo' (T_ECHO) in C:\xampp\htdocs\deafsask\wp-content\themes\deafsask\page-about.php on line 42
[29-May-2021 19:22:10 UTC] PHP Parse error:  syntax error, unexpected 'echo' (T_ECHO) in C:\xampp\htdocs\deafsask\wp-content\themes\deafsask\page-about.php on line 42
[29-May-2021 19:22:29 UTC] PHP Warning:  count(): Parameter must be an array or an object that implements Countable in C:\xampp\htdocs\deafsask\wp-content\themes\deafsask\page-about.php on line 42
[29-May-2021 19:22:29 UTC] PHP Warning:  count(): Parameter must be an array or an object that implements Countable in C:\xampp\htdocs\deafsask\wp-content\themes\deafsask\page-about.php on line 42
[29-May-2021 19:22:29 UTC] PHP Notice:  Undefined offset: 5 in C:\xampp\htdocs\deafsask\wp-includes\class-wp-query.php on line 3300
[29-May-2021 19:22:29 UTC] PHP Warning:  count(): Parameter must be an array or an object that implements Countable in C:\xampp\htdocs\deafsask\wp-content\themes\deafsask\page-about.php on line 42
[29-May-2021 19:23:08 UTC] PHP Warning:  count(): Parameter must be an array or an object that implements Countable in C:\xampp\htdocs\deafsask\wp-content\themes\deafsask\page-about.php on line 42
[29-May-2021 19:23:08 UTC] PHP Warning:  count(): Parameter must be an array or an object that implements Countable in C:\xampp\htdocs\deafsask\wp-content\themes\deafsask\page-about.php on line 42
[29-May-2021 19:23:08 UTC] PHP Warning:  count(): Parameter must be an array or an object that implements Countable in C:\xampp\htdocs\deafsask\wp-content\themes\deafsask\page-about.php on line 42
[29-May-2021 19:23:08 UTC] PHP Warning:  count(): Parameter must be an array or an object that implements Countable in C:\xampp\htdocs\deafsask\wp-content\themes\deafsask\page-about.php on line 42
[29-May-2021 19:23:08 UTC] PHP Warning:  count(): Parameter must be an array or an object that implements Countable in C:\xampp\htdocs\deafsask\wp-content\themes\deafsask\page-about.php on line 42
[29-May-2021 19:23:12 UTC] PHP Warning:  count(): Parameter must be an array or an object that implements Countable in C:\xampp\htdocs\deafsask\wp-content\themes\deafsask\page-about.php on line 42
[29-May-2021 19:23:12 UTC] PHP Warning:  count(): Parameter must be an array or an object that implements Countable in C:\xampp\htdocs\deafsask\wp-content\themes\deafsask\page-about.php on line 42
[29-May-2021 19:23:12 UTC] PHP Warning:  count(): Parameter must be an array or an object that implements Countable in C:\xampp\htdocs\deafsask\wp-content\themes\deafsask\page-about.php on line 42
[29-May-2021 19:23:12 UTC] PHP Warning:  count(): Parameter must be an array or an object that implements Countable in C:\xampp\htdocs\deafsask\wp-content\themes\deafsask\page-about.php on line 42
[29-May-2021 19:23:12 UTC] PHP Warning:  count(): Parameter must be an array or an object that implements Countable in C:\xampp\htdocs\deafsask\wp-content\themes\deafsask\page-about.php on line 42
[29-May-2021 19:25:29 UTC] PHP Parse error:  syntax error, unexpected 'while' (T_WHILE) in C:\xampp\htdocs\deafsask\wp-content\themes\deafsask\page-about.php on line 41
[29-May-2021 19:25:33 UTC] PHP Parse error:  syntax error, unexpected 'while' (T_WHILE) in C:\xampp\htdocs\deafsask\wp-content\themes\deafsask\page-about.php on line 41
[29-May-2021 19:37:16 UTC] PHP Parse error:  syntax error, unexpected end of file in C:\xampp\htdocs\deafsask\wp-content\themes\deafsask\page-about.php on line 79
[29-May-2021 19:37:36 UTC] PHP Parse error:  syntax error, unexpected end of file in C:\xampp\htdocs\deafsask\wp-content\themes\deafsask\page-about.php on line 79
[29-May-2021 19:44:57 UTC] PHP Parse error:  syntax error, unexpected 'else' (T_ELSE), expecting end of file in C:\xampp\htdocs\deafsask\wp-content\themes\deafsask\page-about.php on line 68
[29-May-2021 19:45:07 UTC] PHP Parse error:  syntax error, unexpected 'elseif' (T_ELSEIF), expecting end of file in C:\xampp\htdocs\deafsask\wp-content\themes\deafsask\page-about.php on line 68
[29-May-2021 20:09:07 UTC] PHP Parse error:  syntax error, unexpected ')' in C:\xampp\htdocs\deafsask\wp-content\themes\deafsask\page-about.php on line 42
[29-May-2021 20:09:12 UTC] PHP Parse error:  syntax error, unexpected ')' in C:\xampp\htdocs\deafsask\wp-content\themes\deafsask\page-about.php on line 42
[29-May-2021 20:09:56 UTC] PHP Parse error:  syntax error, unexpected ''meta_key'' (T_CONSTANT_ENCAPSED_STRING), expecting ')' in C:\xampp\htdocs\deafsask\wp-content\themes\deafsask\page-about.php on line 40
[29-May-2021 20:10:27 UTC] PHP Parse error:  syntax error, unexpected ''meta_key'' (T_CONSTANT_ENCAPSED_STRING), expecting ')' in C:\xampp\htdocs\deafsask\wp-content\themes\deafsask\page-about.php on line 41
